  Try.cpp
c:\users\dima\documents\visual studio 2017\projects\course_work\course_work\try.cpp(14): warning C4018: '<': signed/unsigned mismatch
c:\users\dima\documents\visual studio 2017\projects\course_work\course_work\try.cpp(50): warning C4018: '<': signed/unsigned mismatch
c:\users\dima\documents\visual studio 2017\projects\course_work\course_work\try.cpp(82): warning C4018: '<': signed/unsigned mismatch
c:\users\dima\documents\visual studio 2017\projects\course_work\course_work\try.cpp(113): warning C4018: '<': signed/unsigned mismatch
c:\users\dima\documents\visual studio 2017\projects\course_work\course_work\try.cpp(128): warning C4018: '<': signed/unsigned mismatch
  Queue.cpp
  Generating Code...
  Compiling...
  main.cpp
  Test.cpp
c:\users\dima\documents\visual studio 2017\projects\course_work\course_work\test.cpp(11): warning C4018: '<': signed/unsigned mismatch
c:\users\dima\documents\visual studio 2017\projects\course_work\course_work\test.cpp(33): warning C4018: '<': signed/unsigned mismatch
c:\users\dima\documents\visual studio 2017\projects\course_work\course_work\test.cpp(66): warning C4018: '<': signed/unsigned mismatch
c:\users\dima\documents\visual studio 2017\projects\course_work\course_work\test.cpp(93): warning C4018: '<': signed/unsigned mismatch
c:\users\dima\documents\visual studio 2017\projects\course_work\course_work\test.cpp(112): warning C4018: '<': signed/unsigned mismatch
c:\users\dima\documents\visual studio 2017\projects\course_work\course_work\test.cpp(129): warning C4018: '<': signed/unsigned mismatch
c:\users\dima\documents\visual studio 2017\projects\course_work\course_work\test.cpp(149): warning C4018: '<': signed/unsigned mismatch
  Menu.cpp
c:\users\dima\documents\visual studio 2017\projects\course_work\course_work\menu.cpp(35): warning C4101: 'e': unreferenced local variable
  Exam.cpp
c:\users\dima\documents\visual studio 2017\projects\course_work\course_work\exam.cpp(89): warning C4018: '<': signed/unsigned mismatch
c:\users\dima\documents\visual studio 2017\projects\course_work\course_work\exam.cpp(105): warning C4018: '<': signed/unsigned mismatch
  Generating Code...
  course_work.vcxproj -> C:\Users\Dima\Documents\Visual Studio 2017\Projects\course_work\Debug\course_work.exe
  course_work.vcxproj -> C:\Users\Dima\Documents\Visual Studio 2017\Projects\course_work\Debug\course_work.pdb (Partial PDB)
